Foodminder/app/build/intermediates/manifest_merge_blame_file/debug/manifest-merger-blame-debug-report.txt
1<?xml version="1.0" encoding="utf-8"?>
2<manifest xmlns:android="http://schemas.android.com/apk/res/android"
3    package="com.example.foodminderschedule"
4    android:versionCode="1"
5    android:versionName="1.0" >
6
7    <uses-sdk
8        android:minSdkVersion="15"
8-->src/main/AndroidManifest.xml
9        android:targetSdkVersion="26" />
9-->src/main/AndroidManifest.xml
10
11    <uses-feature android:name="android.hardware.camera" />
11-->src/main/AndroidManifest.xml:4:5-60
11-->src/main/AndroidManifest.xml:4:19-57
12    <uses-feature android:name="android.hardware.camera.autofocus" />
12-->src/main/AndroidManifest.xml:5:5-70
12-->src/main/AndroidManifest.xml:5:19-67
13
14    <uses-permission android:name="android.permission.INTERNET" />
14-->src/main/AndroidManifest.xml:6:5-66
14-->src/main/AndroidManifest.xml:6:22-64
15    <uses-permission android:name="android.permission.CAMERA" />
15-->src/main/AndroidManifest.xml:7:5-65
15-->src/main/AndroidManifest.xml:7:22-62
16
17    <uses-feature
17-->[com.journeyapps:zxing-android-embedded:3.4.0] AndroidManifest.xml:27:5-29:36
18        android:name="android.hardware.camera.front"
18-->[com.journeyapps:zxing-android-embedded:3.4.0] AndroidManifest.xml:28:9-53
19        android:required="false" />
19-->[com.journeyapps:zxing-android-embedded:3.4.0] AndroidManifest.xml:29:9-33
20    <uses-feature
20-->[com.journeyapps:zxing-android-embedded:3.4.0] AndroidManifest.xml:35:5-37:36
21        android:name="android.hardware.camera.flash"
21-->[com.journeyapps:zxing-android-embedded:3.4.0] AndroidManifest.xml:36:9-53
22        android:required="false" />
22-->[com.journeyapps:zxing-android-embedded:3.4.0] AndroidManifest.xml:37:9-33
23    <uses-feature
23-->[com.journeyapps:zxing-android-embedded:3.4.0] AndroidManifest.xml:38:5-40:36
24        android:name="android.hardware.screen.landscape"
24-->[com.journeyapps:zxing-android-embedded:3.4.0] AndroidManifest.xml:39:9-57
25        android:required="false" />
25-->[com.journeyapps:zxing-android-embedded:3.4.0] AndroidManifest.xml:40:9-33
26    <uses-feature
26-->[com.journeyapps:zxing-android-embedded:3.4.0] AndroidManifest.xml:41:5-43:36
27        android:name="android.hardware.wifi"
27-->[com.journeyapps:zxing-android-embedded:3.4.0] AndroidManifest.xml:42:9-45
28        android:required="false" />
28-->[com.journeyapps:zxing-android-embedded:3.4.0] AndroidManifest.xml:43:9-33
29
30    <application
30-->src/main/AndroidManifest.xml:9:5-63:19
31        android:allowBackup="true"
31-->src/main/AndroidManifest.xml:10:9-35
32        android:debuggable="true"
33        android:icon="@mipmap/ic_launcher"
33-->src/main/AndroidManifest.xml:11:9-43
34        android:label="@string/app_name"
34-->src/main/AndroidManifest.xml:12:9-41
35        android:roundIcon="@mipmap/ic_launcher_round"
35-->src/main/AndroidManifest.xml:13:9-54
36        android:supportsRtl="true"
36-->src/main/AndroidManifest.xml:14:9-35
37        android:testOnly="true"
38        android:theme="@style/AppTheme" >
38-->src/main/AndroidManifest.xml:15:9-40
39        <activity android:name="com.example.foodminderschedule.MainActivity" >
39-->src/main/AndroidManifest.xml:16:9-26:20
39-->src/main/AndroidManifest.xml:17:13-41
40            <intent-filter>
40-->src/main/AndroidManifest.xml:18:13-24:29
41                <action android:name="android.intent.action.MAIN" />
41-->src/main/AndroidManifest.xml:19:17-20:65
41-->src/main/AndroidManifest.xml:20:21-62
42
43                <category android:name="android.intent.category.LAUNCHER" />
43-->src/main/AndroidManifest.xml:22:17-23:71
43-->src/main/AndroidManifest.xml:23:21-68
44            </intent-filter>
45        </activity>
46
47        <!-- Activity for inputting item and its expiration date to Calendar -->
48        <activity android:name="com.example.foodminderschedule.InputActivity" >
48-->src/main/AndroidManifest.xml:30:9-33:20
48-->src/main/AndroidManifest.xml:31:13-72
49        </activity>
50
51        <!-- Activity for Calendar -->
52        <activity android:name="com.example.foodminderschedule.CalendarForm" >
52-->src/main/AndroidManifest.xml:36:9-39:20
52-->src/main/AndroidManifest.xml:37:13-71
53        </activity>
54
55        <!-- Activity for Pop-up window after a date is clicked -->
56        <activity
56-->src/main/AndroidManifest.xml:42:9-46:20
57            android:name="com.example.foodminderschedule.PopUp"
57-->src/main/AndroidManifest.xml:43:13-34
58            android:theme="@style/AppTheme.PopUpTheme" >
58-->src/main/AndroidManifest.xml:44:13-55
59        </activity>
60        <activity android:name="com.example.foodminderschedule.DateList" >
60-->src/main/AndroidManifest.xml:48:9-51:20
60-->src/main/AndroidManifest.xml:49:13-67
61        </activity>
62        <activity
62-->src/main/AndroidManifest.xml:52:9-58:20
63            android:name="com.example.foodminderschedule.BarcodeActivity"
63-->src/main/AndroidManifest.xml:53:13-74
64            android:screenOrientation="fullSensor"
64-->src/main/AndroidManifest.xml:54:13-51
65            android:stateNotNeeded="true"
65-->src/main/AndroidManifest.xml:55:13-42
66            android:windowSoftInputMode="stateAlwaysHidden" >
66-->src/main/AndroidManifest.xml:56:13-60
67        </activity>
68        <activity android:name="com.example.foodminderschedule.TextRecognize" >
68-->src/main/AndroidManifest.xml:59:9-62:20
68-->src/main/AndroidManifest.xml:60:13-42
69        </activity>
70
71        <meta-data
71-->[com.android.support:design:26.1.0] AndroidManifest.xml:26:9-28:38
72            android:name="android.support.VERSION"
72-->[com.android.support:design:26.1.0] AndroidManifest.xml:27:13-51
73            android:value="26.1.0" />
73-->[com.android.support:design:26.1.0] AndroidManifest.xml:28:13-35
74
75        <activity
75-->[com.journeyapps:zxing-android-embedded:3.4.0] AndroidManifest.xml:46:9-52:63
76            android:name="com.journeyapps.barcodescanner.CaptureActivity"
76-->[com.journeyapps:zxing-android-embedded:3.4.0] AndroidManifest.xml:47:13-74
77            android:clearTaskOnLaunch="true"
77-->[com.journeyapps:zxing-android-embedded:3.4.0] AndroidManifest.xml:48:13-45
78            android:screenOrientation="sensorLandscape"
78-->[com.journeyapps:zxing-android-embedded:3.4.0] AndroidManifest.xml:49:13-56
79            android:stateNotNeeded="true"
79-->[com.journeyapps:zxing-android-embedded:3.4.0] AndroidManifest.xml:50:13-42
80            android:theme="@style/zxing_CaptureTheme"
80-->[com.journeyapps:zxing-android-embedded:3.4.0] AndroidManifest.xml:51:13-54
81            android:windowSoftInputMode="stateAlwaysHidden" />
81-->[com.journeyapps:zxing-android-embedded:3.4.0] AndroidManifest.xml:52:13-60
82        <activity
82-->[com.google.android.gms:play-services-base:11.0.4] AndroidManifest.xml:19:9-172
83            android:name="com.google.android.gms.common.api.GoogleApiActivity"
83-->[com.google.android.gms:play-services-base:11.0.4] AndroidManifest.xml:19:19-85
84            android:exported="false"
84-->[com.google.android.gms:play-services-base:11.0.4] AndroidManifest.xml:19:146-170
85            android:theme="@android:style/Theme.Translucent.NoTitleBar" />
85-->[com.google.android.gms:play-services-base:11.0.4] AndroidManifest.xml:19:86-145
86
87        <meta-data
87-->[com.google.android.gms:play-services-basement:11.0.4] AndroidManifest.xml:20:9-121
88            android:name="com.google.android.gms.version"
88-->[com.google.android.gms:play-services-basement:11.0.4] AndroidManifest.xml:20:20-65
89            android:value="@integer/google_play_services_version" />
89-->[com.google.android.gms:play-services-basement:11.0.4] AndroidManifest.xml:20:66-119
90        <meta-data
90-->[android.arch.lifecycle:runtime:1.0.0] AndroidManifest.xml:25:9-27:47
91            android:name="android.arch.lifecycle.VERSION"
91-->[android.arch.lifecycle:runtime:1.0.0] AndroidManifest.xml:26:13-58
92            android:value="27.0.0-SNAPSHOT" />
92-->[android.arch.lifecycle:runtime:1.0.0] AndroidManifest.xml:27:13-44
93    </application>
94
95</manifest>